Determining if the pthread_create exist failed with the following output:
Change Dir: /home/mark/Desktop/Air Hockey Project/Machine Vision and Control Logic/Tang_Jonathan_Version/build/CMakeFiles/CMakeTmp

Run Build Command:"/usr/bin/make" "cmTC_652a2/fast"
/usr/bin/make -f CMakeFiles/cmTC_652a2.dir/build.make CMakeFiles/cmTC_652a2.dir/build
make[1]: Entering directory '/home/mark/Desktop/Air Hockey Project/Machine Vision and Control Logic/Tang_Jonathan_Version/build/CMakeFiles/CMakeTmp'
Building C object CMakeFiles/cmTC_652a2.dir/CheckSymbolExists.c.o
/usr/bin/cc    -o CMakeFiles/cmTC_652a2.dir/CheckSymbolExists.c.o   -c "/home/mark/Desktop/Air Hockey Project/Machine Vision and Control Logic/Tang_Jonathan_Version/build/CMakeFiles/CMakeTmp/CheckSymbolExists.c"
Linking C executable cmTC_652a2
/usr/bin/cmake -E cmake_link_script CMakeFiles/cmTC_652a2.dir/link.txt --verbose=1
/usr/bin/cc      -rdynamic CMakeFiles/cmTC_652a2.dir/CheckSymbolExists.c.o  -o cmTC_652a2 
CMakeFiles/cmTC_652a2.dir/CheckSymbolExists.c.o: In function `main':
CheckSymbolExists.c:(.text+0x1b): undefined reference to `pthread_create'
collect2: error: ld returned 1 exit status
CMakeFiles/cmTC_652a2.dir/build.make:97: recipe for target 'cmTC_652a2' failed
make[1]: *** [cmTC_652a2] Error 1
make[1]: Leaving directory '/home/mark/Desktop/Air Hockey Project/Machine Vision and Control Logic/Tang_Jonathan_Version/build/CMakeFiles/CMakeTmp'
Makefile:126: recipe for target 'cmTC_652a2/fast' failed
make: *** [cmTC_652a2/fast] Error 2

File /home/mark/Desktop/Air Hockey Project/Machine Vision and Control Logic/Tang_Jonathan_Version/build/CMakeFiles/CMakeTmp/CheckSymbolExists.c:
/* */
#include <pthread.h>

int main(int argc, char** argv)
{
  (void)argv;
#ifndef pthread_create
  return ((int*)(&pthread_create))[argc];
#else
  (void)argc;
  return 0;
#endif
}

